  소스.cpp
c:\users\강동균\documents\github\cgproject\kdk\finalproject\finalproject\소스.cpp(99): warning C4244: '=': 'double'에서 'int'(으)로 변환하면서 데이터가 손실될 수 있습니다.
c:\users\강동균\documents\github\cgproject\kdk\finalproject\finalproject\소스.cpp(158): warning C4244: '=': 'int'에서 'GLfloat'(으)로 변환하면서 데이터가 손실될 수 있습니다.
c:\users\강동균\documents\github\cgproject\kdk\finalproject\finalproject\소스.cpp(159): warning C4244: '=': 'int'에서 'GLfloat'(으)로 변환하면서 데이터가 손실될 수 있습니다.
c:\users\강동균\documents\github\cgproject\kdk\finalproject\finalproject\소스.cpp(170): warning C4244: '=': 'int'에서 'GLfloat'(으)로 변환하면서 데이터가 손실될 수 있습니다.
c:\users\강동균\documents\github\cgproject\kdk\finalproject\finalproject\소스.cpp(313): warning C4305: '인수': 'double'에서 'GLfloat'(으)로 잘립니다.
c:\users\강동균\documents\github\cgproject\kdk\finalproject\finalproject\소스.cpp(318): warning C4305: '인수': 'double'에서 'GLfloat'(으)로 잘립니다.
c:\users\강동균\documents\github\cgproject\kdk\finalproject\finalproject\소스.cpp(324): warning C4305: '인수': 'double'에서 'GLfloat'(으)로 잘립니다.
c:\users\강동균\documents\github\cgproject\kdk\finalproject\finalproject\소스.cpp(330): warning C4305: '인수': 'double'에서 'GLfloat'(으)로 잘립니다.
c:\users\강동균\documents\github\cgproject\kdk\finalproject\finalproject\소스.cpp(341): warning C4305: '인수': 'double'에서 'GLfloat'(으)로 잘립니다.
c:\users\강동균\documents\github\cgproject\kdk\finalproject\finalproject\소스.cpp(465): error C4430: 형식 지정자가 없습니다. int로 가정합니다. 참고: C++에서는 기본 int를 지원하지 않습니다.
c:\users\강동균\documents\github\cgproject\kdk\finalproject\finalproject\소스.cpp(465): error C2146: 구문 오류: ';'이(가) 'whale' 식별자 앞에 없습니다.
c:\users\강동균\documents\github\cgproject\kdk\finalproject\finalproject\소스.cpp(522): error C3861: 'init_textures': 식별자를 찾을 수 없습니다.
c:\users\강동균\documents\github\cgproject\kdk\finalproject\finalproject\소스.cpp(548): warning C4305: '초기화 중': 'double'에서 'float'(으)로 잘립니다.
c:\users\강동균\documents\github\cgproject\kdk\finalproject\finalproject\소스.cpp(549): warning C4305: '초기화 중': 'double'에서 'float'(으)로 잘립니다.
c:\users\강동균\documents\github\cgproject\kdk\finalproject\finalproject\소스.cpp(591): warning C4244: '=': 'double'에서 'float'(으)로 변환하면서 데이터가 손실될 수 있습니다.
c:\users\강동균\documents\github\cgproject\kdk\finalproject\finalproject\소스.cpp(593): warning C4244: '=': 'double'에서 'float'(으)로 변환하면서 데이터가 손실될 수 있습니다.
c:\users\강동균\documents\github\cgproject\kdk\finalproject\finalproject\소스.cpp(652): warning C4244: '=': 'double'에서 'float'(으)로 변환하면서 데이터가 손실될 수 있습니다.
c:\users\강동균\documents\github\cgproject\kdk\finalproject\finalproject\소스.cpp(653): warning C4244: '=': 'double'에서 'float'(으)로 변환하면서 데이터가 손실될 수 있습니다.
c:\users\강동균\documents\github\cgproject\kdk\finalproject\finalproject\소스.cpp(654): warning C4244: '=': 'double'에서 'float'(으)로 변환하면서 데이터가 손실될 수 있습니다.
c:\users\강동균\documents\github\cgproject\kdk\finalproject\finalproject\소스.cpp(658): warning C4305: '+=': 'double'에서 'float'(으)로 잘립니다.
c:\users\강동균\documents\github\cgproject\kdk\finalproject\finalproject\소스.cpp(662): error C2039: 'whale': 'KDK'의 멤버가 아닙니다.
  c:\users\강동균\documents\github\cgproject\kdk\finalproject\finalproject\소스.cpp(125): note: 'KDK' 선언을 참조하십시오.
c:\users\강동균\documents\github\cgproject\kdk\finalproject\finalproject\소스.cpp(662): error C2065: 'whale': 선언되지 않은 식별자입니다.
c:\users\강동균\documents\github\cgproject\kdk\finalproject\finalproject\소스.cpp(662): error C2228: '.x' 왼쪽에는 클래스/구조체/공용 구조체가 있어야 합니다.
c:\users\강동균\documents\github\cgproject\kdk\finalproject\finalproject\소스.cpp(663): error C2039: 'whale': 'KDK'의 멤버가 아닙니다.
  c:\users\강동균\documents\github\cgproject\kdk\finalproject\finalproject\소스.cpp(125): note: 'KDK' 선언을 참조하십시오.
c:\users\강동균\documents\github\cgproject\kdk\finalproject\finalproject\소스.cpp(663): error C2065: 'whale': 선언되지 않은 식별자입니다.
c:\users\강동균\documents\github\cgproject\kdk\finalproject\finalproject\소스.cpp(663): error C2228: '.y' 왼쪽에는 클래스/구조체/공용 구조체가 있어야 합니다.
c:\users\강동균\documents\github\cgproject\kdk\finalproject\finalproject\소스.cpp(664): error C2039: 'whale': 'KDK'의 멤버가 아닙니다.
  c:\users\강동균\documents\github\cgproject\kdk\finalproject\finalproject\소스.cpp(125): note: 'KDK' 선언을 참조하십시오.
c:\users\강동균\documents\github\cgproject\kdk\finalproject\finalproject\소스.cpp(664): error C2065: 'whale': 선언되지 않은 식별자입니다.
c:\users\강동균\documents\github\cgproject\kdk\finalproject\finalproject\소스.cpp(664): error C2228: '.z' 왼쪽에는 클래스/구조체/공용 구조체가 있어야 합니다.
c:\users\강동균\documents\github\cgproject\kdk\finalproject\finalproject\소스.cpp(664): error C2228: '.isAlive' 왼쪽에는 클래스/구조체/공용 구조체가 있어야 합니다.
c:\users\강동균\documents\github\cgproject\kdk\finalproject\finalproject\소스.cpp(667): error C2039: 'whale': 'KDK'의 멤버가 아닙니다.
  c:\users\강동균\documents\github\cgproject\kdk\finalproject\finalproject\소스.cpp(125): note: 'KDK' 선언을 참조하십시오.
c:\users\강동균\documents\github\cgproject\kdk\finalproject\finalproject\소스.cpp(667): error C2065: 'whale': 선언되지 않은 식별자입니다.
c:\users\강동균\documents\github\cgproject\kdk\finalproject\finalproject\소스.cpp(667): error C2228: '.x' 왼쪽에는 클래스/구조체/공용 구조체가 있어야 합니다.
c:\users\강동균\documents\github\cgproject\kdk\finalproject\finalproject\소스.cpp(668): error C2039: 'whale': 'KDK'의 멤버가 아닙니다.
  c:\users\강동균\documents\github\cgproject\kdk\finalproject\finalproject\소스.cpp(125): note: 'KDK' 선언을 참조하십시오.
c:\users\강동균\documents\github\cgproject\kdk\finalproject\finalproject\소스.cpp(668): error C2065: 'whale': 선언되지 않은 식별자입니다.
c:\users\강동균\documents\github\cgproject\kdk\finalproject\finalproject\소스.cpp(668): error C2228: '.y' 왼쪽에는 클래스/구조체/공용 구조체가 있어야 합니다.
c:\users\강동균\documents\github\cgproject\kdk\finalproject\finalproject\소스.cpp(669): error C2039: 'whale': 'KDK'의 멤버가 아닙니다.
  c:\users\강동균\documents\github\cgproject\kdk\finalproject\finalproject\소스.cpp(125): note: 'KDK' 선언을 참조하십시오.
c:\users\강동균\documents\github\cgproject\kdk\finalproject\finalproject\소스.cpp(669): error C2065: 'whale': 선언되지 않은 식별자입니다.
c:\users\강동균\documents\github\cgproject\kdk\finalproject\finalproject\소스.cpp(669): error C2228: '.z' 왼쪽에는 클래스/구조체/공용 구조체가 있어야 합니다.
c:\users\강동균\documents\github\cgproject\kdk\finalproject\finalproject\소스.cpp(673): error C2039: 'run_away_Whale': 'KDK'의 멤버가 아닙니다.
  c:\users\강동균\documents\github\cgproject\kdk\finalproject\finalproject\소스.cpp(125): note: 'KDK' 선언을 참조하십시오.
c:\users\강동균\documents\github\cgproject\kdk\finalproject\finalproject\소스.cpp(673): error C3861: 'run_away_Whale': 식별자를 찾을 수 없습니다.
c:\users\강동균\documents\github\cgproject\kdk\finalproject\finalproject\소스.cpp(676): error C2039: 'whale': 'KDK'의 멤버가 아닙니다.
  c:\users\강동균\documents\github\cgproject\kdk\finalproject\finalproject\소스.cpp(125): note: 'KDK' 선언을 참조하십시오.
c:\users\강동균\documents\github\cgproject\kdk\finalproject\finalproject\소스.cpp(676): error C2065: 'whale': 선언되지 않은 식별자입니다.
c:\users\강동균\documents\github\cgproject\kdk\finalproject\finalproject\소스.cpp(676): error C2228: '.isAlive' 왼쪽에는 클래스/구조체/공용 구조체가 있어야 합니다.
c:\users\강동균\documents\github\cgproject\kdk\finalproject\finalproject\소스.cpp(676): error C2228: '.x' 왼쪽에는 클래스/구조체/공용 구조체가 있어야 합니다.
c:\users\강동균\documents\github\cgproject\kdk\finalproject\finalproject\소스.cpp(676): error C2228: '.phi' 왼쪽에는 클래스/구조체/공용 구조체가 있어야 합니다.
c:\users\강동균\documents\github\cgproject\kdk\finalproject\finalproject\소스.cpp(676): error C2228: '.theta' 왼쪽에는 클래스/구조체/공용 구조체가 있어야 합니다.
c:\users\강동균\documents\github\cgproject\kdk\finalproject\finalproject\소스.cpp(677): error C2039: 'whale': 'KDK'의 멤버가 아닙니다.
  c:\users\강동균\documents\github\cgproject\kdk\finalproject\finalproject\소스.cpp(125): note: 'KDK' 선언을 참조하십시오.
c:\users\강동균\documents\github\cgproject\kdk\finalproject\finalproject\소스.cpp(677): error C2065: 'whale': 선언되지 않은 식별자입니다.
c:\users\강동균\documents\github\cgproject\kdk\finalproject\finalproject\소스.cpp(677): error C2228: '.y' 왼쪽에는 클래스/구조체/공용 구조체가 있어야 합니다.
c:\users\강동균\documents\github\cgproject\kdk\finalproject\finalproject\소스.cpp(677): error C2228: '.phi' 왼쪽에는 클래스/구조체/공용 구조체가 있어야 합니다.
c:\users\강동균\documents\github\cgproject\kdk\finalproject\finalproject\소스.cpp(677): error C2228: '.theta' 왼쪽에는 클래스/구조체/공용 구조체가 있어야 합니다.
c:\users\강동균\documents\github\cgproject\kdk\finalproject\finalproject\소스.cpp(678): error C2039: 'whale': 'KDK'의 멤버가 아닙니다.
  c:\users\강동균\documents\github\cgproject\kdk\finalproject\finalproject\소스.cpp(125): note: 'KDK' 선언을 참조하십시오.
c:\users\강동균\documents\github\cgproject\kdk\finalproject\finalproject\소스.cpp(678): error C2065: 'whale': 선언되지 않은 식별자입니다.
c:\users\강동균\documents\github\cgproject\kdk\finalproject\finalproject\소스.cpp(678): error C2228: '.z' 왼쪽에는 클래스/구조체/공용 구조체가 있어야 합니다.
c:\users\강동균\documents\github\cgproject\kdk\finalproject\finalproject\소스.cpp(678): error C2228: '.phi' 왼쪽에는 클래스/구조체/공용 구조체가 있어야 합니다.
c:\users\강동균\documents\github\cgproject\kdk\finalproject\finalproject\소스.cpp(681): error C2039: 'whale': 'KDK'의 멤버가 아닙니다.
  c:\users\강동균\documents\github\cgproject\kdk\finalproject\finalproject\소스.cpp(125): note: 'KDK' 선언을 참조하십시오.
c:\users\강동균\documents\github\cgproject\kdk\finalproject\finalproject\소스.cpp(681): error C2065: 'whale': 선언되지 않은 식별자입니다.
c:\users\강동균\documents\github\cgproject\kdk\finalproject\finalproject\소스.cpp(681): error C2228: '.x' 왼쪽에는 클래스/구조체/공용 구조체가 있어야 합니다.
c:\users\강동균\documents\github\cgproject\kdk\finalproject\finalproject\소스.cpp(682): error C2039: 'whale': 'KDK'의 멤버가 아닙니다.
  c:\users\강동균\documents\github\cgproject\kdk\finalproject\finalproject\소스.cpp(125): note: 'KDK' 선언을 참조하십시오.
c:\users\강동균\documents\github\cgproject\kdk\finalproject\finalproject\소스.cpp(682): error C2065: 'whale': 선언되지 않은 식별자입니다.
c:\users\강동균\documents\github\cgproject\kdk\finalproject\finalproject\소스.cpp(682): error C2228: '.y' 왼쪽에는 클래스/구조체/공용 구조체가 있어야 합니다.
c:\users\강동균\documents\github\cgproject\kdk\finalproject\finalproject\소스.cpp(683): error C2039: 'whale': 'KDK'의 멤버가 아닙니다.
  c:\users\강동균\documents\github\cgproject\kdk\finalproject\finalproject\소스.cpp(125): note: 'KDK' 선언을 참조하십시오.
c:\users\강동균\documents\github\cgproject\kdk\finalproject\finalproject\소스.cpp(683): error C2065: 'whale': 선언되지 않은 식별자입니다.
c:\users\강동균\documents\github\cgproject\kdk\finalproject\finalproject\소스.cpp(683): error C2228: '.z' 왼쪽에는 클래스/구조체/공용 구조체가 있어야 합니다.
c:\users\강동균\documents\github\cgproject\kdk\finalproject\finalproject\소스.cpp(687): error C2039: 'run_away_Whale': 'KDK'의 멤버가 아닙니다.
  c:\users\강동균\documents\github\cgproject\kdk\finalproject\finalproject\소스.cpp(125): note: 'KDK' 선언을 참조하십시오.
c:\users\강동균\documents\github\cgproject\kdk\finalproject\finalproject\소스.cpp(687): error C3861: 'run_away_Whale': 식별자를 찾을 수 없습니다.
c:\users\강동균\documents\github\cgproject\kdk\finalproject\finalproject\소스.cpp(700): error C2039: 'whale': 'KDK'의 멤버가 아닙니다.
  c:\users\강동균\documents\github\cgproject\kdk\finalproject\finalproject\소스.cpp(125): note: 'KDK' 선언을 참조하십시오.
c:\users\강동균\documents\github\cgproject\kdk\finalproject\finalproject\소스.cpp(700): error C2065: 'whale': 선언되지 않은 식별자입니다.
c:\users\강동균\documents\github\cgproject\kdk\finalproject\finalproject\소스.cpp(700): error C2228: '.isAlive' 왼쪽에는 클래스/구조체/공용 구조체가 있어야 합니다.
c:\users\강동균\documents\github\cgproject\kdk\finalproject\finalproject\소스.cpp(701): error C2039: 'whale': 'KDK'의 멤버가 아닙니다.
  c:\users\강동균\documents\github\cgproject\kdk\finalproject\finalproject\소스.cpp(125): note: 'KDK' 선언을 참조하십시오.
c:\users\강동균\documents\github\cgproject\kdk\finalproject\finalproject\소스.cpp(701): error C2065: 'whale': 선언되지 않은 식별자입니다.
c:\users\강동균\documents\github\cgproject\kdk\finalproject\finalproject\소스.cpp(701): error C2228: '.x' 왼쪽에는 클래스/구조체/공용 구조체가 있어야 합니다.
c:\users\강동균\documents\github\cgproject\kdk\finalproject\finalproject\소스.cpp(702): error C2039: 'whale': 'KDK'의 멤버가 아닙니다.
  c:\users\강동균\documents\github\cgproject\kdk\finalproject\finalproject\소스.cpp(125): note: 'KDK' 선언을 참조하십시오.
c:\users\강동균\documents\github\cgproject\kdk\finalproject\finalproject\소스.cpp(702): error C2065: 'whale': 선언되지 않은 식별자입니다.
c:\users\강동균\documents\github\cgproject\kdk\finalproject\finalproject\소스.cpp(702): error C2228: '.y' 왼쪽에는 클래스/구조체/공용 구조체가 있어야 합니다.
c:\users\강동균\documents\github\cgproject\kdk\finalproject\finalproject\소스.cpp(703): error C2039: 'whale': 'KDK'의 멤버가 아닙니다.
  c:\users\강동균\documents\github\cgproject\kdk\finalproject\finalproject\소스.cpp(125): note: 'KDK' 선언을 참조하십시오.
c:\users\강동균\documents\github\cgproject\kdk\finalproject\finalproject\소스.cpp(703): error C2065: 'whale': 선언되지 않은 식별자입니다.
c:\users\강동균\documents\github\cgproject\kdk\finalproject\finalproject\소스.cpp(703): error C2228: '.z' 왼쪽에는 클래스/구조체/공용 구조체가 있어야 합니다.
c:\users\강동균\documents\github\cgproject\kdk\finalproject\finalproject\소스.cpp(723): warning C4305: '인수': 'double'에서 'GLfloat'(으)로 잘립니다.
c:\users\강동균\documents\github\cgproject\kdk\finalproject\finalproject\소스.cpp(730): warning C4244: '인수': 'double'에서 'GLfloat'(으)로 변환하면서 데이터가 손실될 수 있습니다.
c:\users\강동균\documents\github\cgproject\kdk\finalproject\finalproject\소스.cpp(743): error C2039: 'whale': 'KDK'의 멤버가 아닙니다.
  c:\users\강동균\documents\github\cgproject\kdk\finalproject\finalproject\소스.cpp(125): note: 'KDK' 선언을 참조하십시오.
c:\users\강동균\documents\github\cgproject\kdk\finalproject\finalproject\소스.cpp(743): error C2065: 'whale': 선언되지 않은 식별자입니다.
c:\users\강동균\documents\github\cgproject\kdk\finalproject\finalproject\소스.cpp(743): error C2228: '.x' 왼쪽에는 클래스/구조체/공용 구조체가 있어야 합니다.
c:\users\강동균\documents\github\cgproject\kdk\finalproject\finalproject\소스.cpp(744): error C2039: 'whale': 'KDK'의 멤버가 아닙니다.
  c:\users\강동균\documents\github\cgproject\kdk\finalproject\finalproject\소스.cpp(125): note: 'KDK' 선언을 참조하십시오.
c:\users\강동균\documents\github\cgproject\kdk\finalproject\finalproject\소스.cpp(744): error C2065: 'whale': 선언되지 않은 식별자입니다.
c:\users\강동균\documents\github\cgproject\kdk\finalproject\finalproject\소스.cpp(744): error C2228: '.z' 왼쪽에는 클래스/구조체/공용 구조체가 있어야 합니다.
c:\users\강동균\documents\github\cgproject\kdk\finalproject\finalproject\소스.cpp(743): error C2661: 'atan2': 오버로드된 함수에서 1개의 매개 변수를 사용하지 않습니다.
c:\users\강동균\documents\github\cgproject\kdk\finalproject\finalproject\소스.cpp(746): error C2039: 'whale': 'KDK'의 멤버가 아닙니다.
  c:\users\강동균\documents\github\cgproject\kdk\finalproject\finalproject\소스.cpp(125): note: 'KDK' 선언을 참조하십시오.
c:\users\강동균\documents\github\cgproject\kdk\finalproject\finalproject\소스.cpp(746): error C2065: 'whale': 선언되지 않은 식별자입니다.
c:\users\강동균\documents\github\cgproject\kdk\finalproject\finalproject\소스.cpp(746): error C2228: '.x' 왼쪽에는 클래스/구조체/공용 구조체가 있어야 합니다.
c:\users\강동균\documents\github\cgproject\kdk\finalproject\finalproject\소스.cpp(746): error C2228: '.phi' 왼쪽에는 클래스/구조체/공용 구조체가 있어야 합니다.
c:\users\강동균\documents\github\cgproject\kdk\finalproject\finalproject\소스.cpp(748): error C2039: 'whale': 'KDK'의 멤버가 아닙니다.
  c:\users\강동균\documents\github\cgproject\kdk\finalproject\finalproject\소스.cpp(125): note: 'KDK' 선언을 참조하십시오.
c:\users\강동균\documents\github\cgproject\kdk\finalproject\finalproject\소스.cpp(748): error C2065: 'whale': 선언되지 않은 식별자입니다.
c:\users\강동균\documents\github\cgproject\kdk\finalproject\finalproject\소스.cpp(748): error C2228: '.z' 왼쪽에는 클래스/구조체/공용 구조체가 있어야 합니다.
c:\users\강동균\documents\github\cgproject\kdk\finalproject\finalproject\소스.cpp(748): error C2228: '.phi' 왼쪽에는 클래스/구조체/공용 구조체가 있어야 합니다.
c:\users\강동균\documents\github\cgproject\kdk\finalproject\finalproject\소스.cpp(746): error C2660: 'glVertex3f': 함수는 2개의 매개 변수를 사용하지 않습니다.
  c:\program files (x86)\windows kits\10\include\10.0.17134.0\um\gl\gl.h(1477): note: 'glVertex3f' 선언을 참조하십시오.
c:\users\강동균\documents\github\cgproject\kdk\finalproject\finalproject\소스.cpp(749): warning C4244: '인수': 'double'에서 'GLfloat'(으)로 변환하면서 데이터가 손실될 수 있습니다.
c:\users\강동균\documents\github\cgproject\kdk\finalproject\finalproject\소스.cpp(754): error C2039: 'whale': 'KDK'의 멤버가 아닙니다.
  c:\users\강동균\documents\github\cgproject\kdk\finalproject\finalproject\소스.cpp(125): note: 'KDK' 선언을 참조하십시오.
c:\users\강동균\documents\github\cgproject\kdk\finalproject\finalproject\소스.cpp(754): error C2065: 'whale': 선언되지 않은 식별자입니다.
c:\users\강동균\documents\github\cgproject\kdk\finalproject\finalproject\소스.cpp(754): error C2228: '.x' 왼쪽에는 클래스/구조체/공용 구조체가 있어야 합니다.
c:\users\강동균\documents\github\cgproject\kdk\finalproject\finalproject\소스.cpp(755): error C2039: 'whale': 'KDK'의 멤버가 아닙니다.
  c:\users\강동균\documents\github\cgproject\kdk\finalproject\finalproject\소스.cpp(125): note: 'KDK' 선언을 참조하십시오.
c:\users\강동균\documents\github\cgproject\kdk\finalproject\finalproject\소스.cpp(755): error C2065: 'whale': 선언되지 않은 식별자입니다.
c:\users\강동균\documents\github\cgproject\kdk\finalproject\finalproject\소스.cpp(755): error C2228: '.y' 왼쪽에는 클래스/구조체/공용 구조체가 있어야 합니다.
c:\users\강동균\documents\github\cgproject\kdk\finalproject\finalproject\소스.cpp(756): error C2039: 'whale': 'KDK'의 멤버가 아닙니다.
  c:\users\강동균\documents\github\cgproject\kdk\finalproject\finalproject\소스.cpp(125): note: 'KDK' 선언을 참조하십시오.
c:\users\강동균\documents\github\cgproject\kdk\finalproject\finalproject\소스.cpp(756): error C2065: 'whale': 선언되지 않은 식별자입니다.
c:\users\강동균\documents\github\cgproject\kdk\finalproject\finalproject\소스.cpp(756): error C2228: '.z' 왼쪽에는 클래스/구조체/공용 구조체가 있어야 합니다.
c:\users\강동균\documents\github\cgproject\kdk\finalproject\finalproject\소스.cpp(754): error C2660: 'glTranslated': 함수는 1개의 매개 변수를 사용하지 않습니다.
  c:\program files (x86)\windows kits\10\include\10.0.17134.0\um\gl\gl.h(1465): note: 'glTranslated' 선언을 참조하십시오.
c:\users\강동균\documents\github\cgproject\kdk\finalproject\finalproject\소스.cpp(757): error C2039: 'whale': 'KDK'의 멤버가 아닙니다.
  c:\users\강동균\documents\github\cgproject\kdk\finalproject\finalproject\소스.cpp(125): note: 'KDK' 선언을 참조하십시오.
c:\users\강동균\documents\github\cgproject\kdk\finalproject\finalproject\소스.cpp(757): error C2065: 'whale': 선언되지 않은 식별자입니다.
c:\users\강동균\documents\github\cgproject\kdk\finalproject\finalproject\소스.cpp(757): error C2228: '.phi' 왼쪽에는 클래스/구조체/공용 구조체가 있어야 합니다.
c:\users\강동균\documents\github\cgproject\kdk\finalproject\finalproject\소스.cpp(834): warning C4244: '인수': 'int'에서 'GLfloat'(으)로 변환하면서 데이터가 손실될 수 있습니다.
c:\users\강동균\documents\github\cgproject\kdk\finalproject\finalproject\소스.cpp(838): warning C4244: '인수': 'int'에서 'GLfloat'(으)로 변환하면서 데이터가 손실될 수 있습니다.
c:\users\강동균\documents\github\cgproject\kdk\finalproject\finalproject\소스.cpp(845): warning C4244: '인수': 'int'에서 'GLfloat'(으)로 변환하면서 데이터가 손실될 수 있습니다.
c:\users\강동균\documents\github\cgproject\kdk\finalproject\finalproject\소스.cpp(849): warning C4244: '인수': 'int'에서 'GLfloat'(으)로 변환하면서 데이터가 손실될 수 있습니다.
c:\users\강동균\documents\github\cgproject\kdk\finalproject\finalproject\소스.cpp(862): error C2039: 'whale': 'KDK'의 멤버가 아닙니다.
  c:\users\강동균\documents\github\cgproject\kdk\finalproject\finalproject\소스.cpp(125): note: 'KDK' 선언을 참조하십시오.
c:\users\강동균\documents\github\cgproject\kdk\finalproject\finalproject\소스.cpp(862): error C2065: 'whale': 선언되지 않은 식별자입니다.
c:\users\강동균\documents\github\cgproject\kdk\finalproject\finalproject\소스.cpp(862): error C2228: '.x' 왼쪽에는 클래스/구조체/공용 구조체가 있어야 합니다.
c:\users\강동균\documents\github\cgproject\kdk\finalproject\finalproject\소스.cpp(862): error C2228: '.z' 왼쪽에는 클래스/구조체/공용 구조체가 있어야 합니다.
c:\users\강동균\documents\github\cgproject\kdk\finalproject\finalproject\소스.cpp(865): error C2039: 'whale': 'KDK'의 멤버가 아닙니다.
  c:\users\강동균\documents\github\cgproject\kdk\finalproject\finalproject\소스.cpp(125): note: 'KDK' 선언을 참조하십시오.
c:\users\강동균\documents\github\cgproject\kdk\finalproject\finalproject\소스.cpp(865): error C2065: 'whale': 선언되지 않은 식별자입니다.
c:\users\강동균\documents\github\cgproject\kdk\finalproject\finalproject\소스.cpp(865): error C2228: '.x' 왼쪽에는 클래스/구조체/공용 구조체가 있어야 합니다.
c:\users\강동균\documents\github\cgproject\kdk\finalproject\finalproject\소스.cpp(865): error C2228: '.z' 왼쪽에는 클래스/구조체/공용 구조체가 있어야 합니다.
c:\users\강동균\documents\github\cgproject\kdk\finalproject\finalproject\소스.cpp(865): error C2660: 'glTranslated': 함수는 2개의 매개 변수를 사용하지 않습니다.
  c:\program files (x86)\windows kits\10\include\10.0.17134.0\um\gl\gl.h(1465): note: 'glTranslated' 선언을 참조하십시오.
c:\users\강동균\documents\github\cgproject\kdk\finalproject\finalproject\소스.cpp(879): warning C4305: '+=': 'double'에서 'GLfloat'(으)로 잘립니다.
c:\users\강동균\documents\github\cgproject\kdk\finalproject\finalproject\소스.cpp(889): warning C4305: '+=': 'double'에서 'GLfloat'(으)로 잘립니다.
c:\users\강동균\documents\github\cgproject\kdk\finalproject\finalproject\소스.cpp(902): warning C4305: '=': 'double'에서 'GLfloat'(으)로 잘립니다.
c:\users\강동균\documents\github\cgproject\kdk\finalproject\finalproject\소스.cpp(902): warning C4305: '-=': 'double'에서 'GLfloat'(으)로 잘립니다.
c:\users\강동균\documents\github\cgproject\kdk\finalproject\finalproject\소스.cpp(1007): warning C4305: '인수': 'double'에서 'GLfloat'(으)로 잘립니다.
c:\users\강동균\documents\github\cgproject\kdk\finalproject\finalproject\소스.cpp(1014): warning C4305: '인수': 'double'에서 'GLfloat'(으)로 잘립니다.
c:\users\강동균\documents\github\cgproject\kdk\finalproject\finalproject\소스.cpp(1020): warning C4305: '인수': 'double'에서 'GLfloat'(으)로 잘립니다.
c:\users\강동균\documents\github\cgproject\kdk\finalproject\finalproject\소스.cpp(1032): warning C4305: '인수': 'double'에서 'GLfloat'(으)로 잘립니다.
c:\users\강동균\documents\github\cgproject\kdk\finalproject\finalproject\소스.cpp(1038): warning C4305: '인수': 'double'에서 'GLfloat'(으)로 잘립니다.
c:\users\강동균\documents\github\cgproject\kdk\finalproject\finalproject\소스.cpp(1044): warning C4305: '인수': 'double'에서 'GLfloat'(으)로 잘립니다.
c:\users\강동균\documents\github\cgproject\kdk\finalproject\finalproject\소스.cpp(1062): warning C4305: '인수': 'double'에서 'GLfloat'(으)로 잘립니다.
c:\users\강동균\documents\github\cgproject\kdk\finalproject\finalproject\소스.cpp(1078): warning C4305: '인수': 'double'에서 'GLfloat'(으)로 잘립니다.
c:\users\강동균\documents\github\cgproject\kdk\finalproject\finalproject\소스.cpp(1090): warning C4305: '인수': 'double'에서 'GLfloat'(으)로 잘립니다.
c:\users\강동균\documents\github\cgproject\kdk\finalproject\finalproject\소스.cpp(1096): warning C4305: '인수': 'double'에서 'GLfloat'(으)로 잘립니다.
c:\users\강동균\documents\github\cgproject\kdk\finalproject\finalproject\소스.cpp(1098): warning C4305: '인수': 'double'에서 'GLfloat'(으)로 잘립니다.
c:\users\강동균\documents\github\cgproject\kdk\finalproject\finalproject\소스.cpp(1103): warning C4305: '인수': 'double'에서 'GLfloat'(으)로 잘립니다.
c:\users\강동균\documents\github\cgproject\kdk\finalproject\finalproject\소스.cpp(1176): warning C4305: '인수': 'double'에서 'float'(으)로 잘립니다.
c:\users\강동균\documents\github\cgproject\kdk\finalproject\finalproject\소스.cpp(1184): warning C4305: '인수': 'double'에서 'float'(으)로 잘립니다.
c:\users\강동균\documents\github\cgproject\kdk\finalproject\finalproject\소스.cpp(1191): warning C4305: '인수': 'double'에서 'float'(으)로 잘립니다.
c:\users\강동균\documents\github\cgproject\kdk\finalproject\finalproject\소스.cpp(1199): warning C4305: '인수': 'double'에서 'float'(으)로 잘립니다.
c:\users\강동균\documents\github\cgproject\kdk\finalproject\finalproject\소스.cpp(1230): warning C4305: '+=': 'double'에서 'float'(으)로 잘립니다.
c:\users\강동균\documents\github\cgproject\kdk\finalproject\finalproject\소스.cpp(1241): warning C4305: '-=': 'double'에서 'float'(으)로 잘립니다.
c:\users\강동균\documents\github\cgproject\kdk\finalproject\finalproject\소스.cpp(1252): warning C4305: '-=': 'double'에서 'float'(으)로 잘립니다.
c:\users\강동균\documents\github\cgproject\kdk\finalproject\finalproject\소스.cpp(1264): warning C4305: '+=': 'double'에서 'float'(으)로 잘립니다.
c:\users\강동균\documents\github\cgproject\kdk\finalproject\finalproject\소스.cpp(1369): warning C4305: '인수': 'double'에서 'GLfloat'(으)로 잘립니다.
c:\users\강동균\documents\github\cgproject\kdk\finalproject\finalproject\소스.cpp(1405): warning C4305: '인수': 'double'에서 'GLfloat'(으)로 잘립니다.
c:\users\강동균\documents\github\cgproject\kdk\finalproject\finalproject\소스.cpp(1414): warning C4305: '인수': 'double'에서 'GLfloat'(으)로 잘립니다.
c:\users\강동균\documents\github\cgproject\kdk\finalproject\finalproject\소스.cpp(1446): warning C4305: '인수': 'double'에서 'GLfloat'(으)로 잘립니다.
c:\users\강동균\documents\github\cgproject\kdk\finalproject\finalproject\소스.cpp(1478): warning C4326: 'main'의 반환 형식이 'int'이어야 하는데 'void'입니다.
c:\users\강동균\documents\github\cgproject\kdk\finalproject\finalproject\소스.cpp(1479): warning C4244: '인수': 'time_t'에서 'unsigned int'(으)로 변환하면서 데이터가 손실될 수 있습니다.
c:\users\강동균\documents\github\cgproject\kdk\finalproject\finalproject\소스.cpp(1561): error C2039: 'draw_Whale': 'KDK'의 멤버가 아닙니다.
  c:\users\강동균\documents\github\cgproject\kdk\finalproject\finalproject\소스.cpp(125): note: 'KDK' 선언을 참조하십시오.
c:\users\강동균\documents\github\cgproject\kdk\finalproject\finalproject\소스.cpp(1561): error C3861: 'draw_Whale': 식별자를 찾을 수 없습니다.
c:\users\강동균\documents\github\cgproject\kdk\finalproject\finalproject\소스.cpp(1561): fatal error C1003: 오류 수가 100개를 초과했습니다. 컴파일을 중지합니다.
