  소스.cpp
c:\users\kshg1\source\repos\project8\project8\소스.cpp(115): warning C4326: 'main'의 반환 형식이 'int'이어야 하는데 'void'입니다.
c:\users\kshg1\source\repos\project8\project8\소스.cpp(408): warning C4244: '인수': 'double'에서 'GLfloat'(으)로 변환하면서 데이터가 손실될 수 있습니다.
c:\users\kshg1\source\repos\project8\project8\소스.cpp(410): warning C4244: '인수': 'double'에서 'GLfloat'(으)로 변환하면서 데이터가 손실될 수 있습니다.
c:\users\kshg1\source\repos\project8\project8\소스.cpp(427): warning C4244: '인수': 'int'에서 'GLfloat'(으)로 변환하면서 데이터가 손실될 수 있습니다.
c:\users\kshg1\source\repos\project8\project8\소스.cpp(429): warning C4244: '인수': 'double'에서 'GLfloat'(으)로 변환하면서 데이터가 손실될 수 있습니다.
c:\users\kshg1\source\repos\project8\project8\소스.cpp(431): warning C4244: '인수': 'double'에서 'GLfloat'(으)로 변환하면서 데이터가 손실될 수 있습니다.
소스.obj : error LNK2019: __imp__glutInitWindowPosition@8 외부 기호(참조 위치: _main 함수)에서 확인하지 못했습니다.
소스.obj : error LNK2019: __imp__glutInitWindowSize@8 외부 기호(참조 위치: _main 함수)에서 확인하지 못했습니다.
소스.obj : error LNK2019: __imp__glutInitDisplayMode@4 외부 기호(참조 위치: _main 함수)에서 확인하지 못했습니다.
소스.obj : error LNK2019: __imp__glutMainLoop@0 외부 기호(참조 위치: _main 함수)에서 확인하지 못했습니다.
소스.obj : error LNK2019: __imp__glutPostRedisplay@0 외부 기호(참조 위치: "void __cdecl Timerfunction(int)" (?Timerfunction@@YAXH@Z) 함수)에서 확인하지 못했습니다.
소스.obj : error LNK2019: __imp__glutTimerFunc@12 외부 기호(참조 위치: "void __cdecl Timerfunction(int)" (?Timerfunction@@YAXH@Z) 함수)에서 확인하지 못했습니다.
소스.obj : error LNK2019: __imp__glutReshapeFunc@4 외부 기호(참조 위치: _main 함수)에서 확인하지 못했습니다.
소스.obj : error LNK2019: __imp__glutDisplayFunc@4 외부 기호(참조 위치: _main 함수)에서 확인하지 못했습니다.
소스.obj : error LNK2019: __imp__glutMouseFunc@4 외부 기호(참조 위치: _main 함수)에서 확인하지 못했습니다.
소스.obj : error LNK2019: __imp__glutMotionFunc@4 외부 기호(참조 위치: _main 함수)에서 확인하지 못했습니다.
소스.obj : error LNK2019: __imp____glutInitWithExit@12 외부 기호(참조 위치: _glutInit_ATEXIT_HACK@8 함수)에서 확인하지 못했습니다.
소스.obj : error LNK2019: __imp____glutCreateWindowWithExit@8 외부 기호(참조 위치: _glutCreateWindow_ATEXIT_HACK@4 함수)에서 확인하지 못했습니다.
C:\Program Files (x86)\Windows Kits\10\lib\10.0.17134.0\um\x86\freeglut.lib : warning LNK4272: 'x64' 라이브러리 컴퓨터 종류가 'x86' 대상 컴퓨터 종류와 충돌합니다.
C:\Users\kshg1\source\repos\Project8\Debug\Project8.exe : fatal error LNK1120: 12개의 확인할 수 없는 외부 참조입니다.
