  소스.cpp
c:\users\강동균\documents\github\cgproject\kdk\finalproject\finalproject\소스.cpp(71): warning C4244: '=': 'double'에서 'int'(으)로 변환하면서 데이터가 손실될 수 있습니다.
c:\users\강동균\documents\github\cgproject\kdk\finalproject\finalproject\소스.cpp(128): warning C4244: '=': 'int'에서 'GLfloat'(으)로 변환하면서 데이터가 손실될 수 있습니다.
c:\users\강동균\documents\github\cgproject\kdk\finalproject\finalproject\소스.cpp(129): warning C4244: '=': 'int'에서 'GLfloat'(으)로 변환하면서 데이터가 손실될 수 있습니다.
c:\users\강동균\documents\github\cgproject\kdk\finalproject\finalproject\소스.cpp(139): warning C4244: '=': 'int'에서 'GLfloat'(으)로 변환하면서 데이터가 손실될 수 있습니다.
c:\users\강동균\documents\github\cgproject\kdk\finalproject\finalproject\소스.cpp(273): warning C4305: '인수': 'double'에서 'GLfloat'(으)로 잘립니다.
c:\users\강동균\documents\github\cgproject\kdk\finalproject\finalproject\소스.cpp(279): warning C4305: '인수': 'double'에서 'GLfloat'(으)로 잘립니다.
c:\users\강동균\documents\github\cgproject\kdk\finalproject\finalproject\소스.cpp(285): warning C4305: '인수': 'double'에서 'GLfloat'(으)로 잘립니다.
c:\users\강동균\documents\github\cgproject\kdk\finalproject\finalproject\소스.cpp(291): warning C4305: '인수': 'double'에서 'GLfloat'(으)로 잘립니다.
c:\users\강동균\documents\github\cgproject\kdk\finalproject\finalproject\소스.cpp(302): warning C4305: '인수': 'double'에서 'GLfloat'(으)로 잘립니다.
c:\users\강동균\documents\github\cgproject\kdk\finalproject\finalproject\소스.cpp(415): warning C4305: '인수': 'double'에서 'GLfloat'(으)로 잘립니다.
c:\users\강동균\documents\github\cgproject\kdk\finalproject\finalproject\소스.cpp(430): warning C4305: '인수': 'double'에서 'GLfloat'(으)로 잘립니다.
c:\users\강동균\documents\github\cgproject\kdk\finalproject\finalproject\소스.cpp(439): warning C4244: '인수': 'int'에서 'GLfloat'(으)로 변환하면서 데이터가 손실될 수 있습니다.
c:\users\강동균\documents\github\cgproject\kdk\finalproject\finalproject\소스.cpp(449): warning C4244: '인수': 'int'에서 'GLfloat'(으)로 변환하면서 데이터가 손실될 수 있습니다.
c:\users\강동균\documents\github\cgproject\kdk\finalproject\finalproject\소스.cpp(457): warning C4244: '인수': 'int'에서 'GLfloat'(으)로 변환하면서 데이터가 손실될 수 있습니다.
c:\users\강동균\documents\github\cgproject\kdk\finalproject\finalproject\소스.cpp(464): warning C4305: '인수': 'double'에서 'GLfloat'(으)로 잘립니다.
c:\users\강동균\documents\github\cgproject\kdk\finalproject\finalproject\소스.cpp(472): warning C4305: '인수': 'double'에서 'GLfloat'(으)로 잘립니다.
c:\users\강동균\documents\github\cgproject\kdk\finalproject\finalproject\소스.cpp(495): warning C4244: '=': 'int'에서 'float'(으)로 변환하면서 데이터가 손실될 수 있습니다.
c:\users\강동균\documents\github\cgproject\kdk\finalproject\finalproject\소스.cpp(496): warning C4244: '=': 'int'에서 'float'(으)로 변환하면서 데이터가 손실될 수 있습니다.
c:\users\강동균\documents\github\cgproject\kdk\finalproject\finalproject\소스.cpp(497): warning C4244: '=': 'int'에서 'float'(으)로 변환하면서 데이터가 손실될 수 있습니다.
c:\users\강동균\documents\github\cgproject\kdk\finalproject\finalproject\소스.cpp(500): warning C4244: '=': 'int'에서 'float'(으)로 변환하면서 데이터가 손실될 수 있습니다.
c:\users\강동균\documents\github\cgproject\kdk\finalproject\finalproject\소스.cpp(501): warning C4244: '=': 'int'에서 'float'(으)로 변환하면서 데이터가 손실될 수 있습니다.
c:\users\강동균\documents\github\cgproject\kdk\finalproject\finalproject\소스.cpp(502): warning C4244: '=': 'int'에서 'float'(으)로 변환하면서 데이터가 손실될 수 있습니다.
c:\users\강동균\documents\github\cgproject\kdk\finalproject\finalproject\소스.cpp(543): warning C4244: '=': 'int'에서 'float'(으)로 변환하면서 데이터가 손실될 수 있습니다.
c:\users\강동균\documents\github\cgproject\kdk\finalproject\finalproject\소스.cpp(544): warning C4244: '=': 'int'에서 'float'(으)로 변환하면서 데이터가 손실될 수 있습니다.
c:\users\강동균\documents\github\cgproject\kdk\finalproject\finalproject\소스.cpp(545): warning C4244: '=': 'int'에서 'float'(으)로 변환하면서 데이터가 손실될 수 있습니다.
c:\users\강동균\documents\github\cgproject\kdk\finalproject\finalproject\소스.cpp(547): warning C4244: '=': 'double'에서 'float'(으)로 변환하면서 데이터가 손실될 수 있습니다.
c:\users\강동균\documents\github\cgproject\kdk\finalproject\finalproject\소스.cpp(549): warning C4244: '=': 'double'에서 'float'(으)로 변환하면서 데이터가 손실될 수 있습니다.
c:\users\강동균\documents\github\cgproject\kdk\finalproject\finalproject\소스.cpp(617): warning C4244: '=': 'double'에서 'float'(으)로 변환하면서 데이터가 손실될 수 있습니다.
c:\users\강동균\documents\github\cgproject\kdk\finalproject\finalproject\소스.cpp(619): warning C4244: '=': 'double'에서 'float'(으)로 변환하면서 데이터가 손실될 수 있습니다.
c:\users\강동균\documents\github\cgproject\kdk\finalproject\finalproject\소스.cpp(667): warning C4244: '=': 'double'에서 'float'(으)로 변환하면서 데이터가 손실될 수 있습니다.
c:\users\강동균\documents\github\cgproject\kdk\finalproject\finalproject\소스.cpp(668): warning C4244: '=': 'double'에서 'float'(으)로 변환하면서 데이터가 손실될 수 있습니다.
c:\users\강동균\documents\github\cgproject\kdk\finalproject\finalproject\소스.cpp(669): warning C4244: '=': 'double'에서 'float'(으)로 변환하면서 데이터가 손실될 수 있습니다.
c:\users\강동균\documents\github\cgproject\kdk\finalproject\finalproject\소스.cpp(674): warning C4305: '+=': 'double'에서 'float'(으)로 잘립니다.
c:\users\강동균\documents\github\cgproject\kdk\finalproject\finalproject\소스.cpp(765): warning C4305: '+=': 'double'에서 'GLfloat'(으)로 잘립니다.
c:\users\강동균\documents\github\cgproject\kdk\finalproject\finalproject\소스.cpp(775): warning C4305: '+=': 'double'에서 'GLfloat'(으)로 잘립니다.
c:\users\강동균\documents\github\cgproject\kdk\finalproject\finalproject\소스.cpp(788): warning C4305: '=': 'double'에서 'GLfloat'(으)로 잘립니다.
c:\users\강동균\documents\github\cgproject\kdk\finalproject\finalproject\소스.cpp(788): warning C4305: '-=': 'double'에서 'GLfloat'(으)로 잘립니다.
c:\users\강동균\documents\github\cgproject\kdk\finalproject\finalproject\소스.cpp(893): warning C4305: '인수': 'double'에서 'GLfloat'(으)로 잘립니다.
c:\users\강동균\documents\github\cgproject\kdk\finalproject\finalproject\소스.cpp(900): warning C4305: '인수': 'double'에서 'GLfloat'(으)로 잘립니다.
c:\users\강동균\documents\github\cgproject\kdk\finalproject\finalproject\소스.cpp(906): warning C4305: '인수': 'double'에서 'GLfloat'(으)로 잘립니다.
c:\users\강동균\documents\github\cgproject\kdk\finalproject\finalproject\소스.cpp(918): warning C4305: '인수': 'double'에서 'GLfloat'(으)로 잘립니다.
c:\users\강동균\documents\github\cgproject\kdk\finalproject\finalproject\소스.cpp(924): warning C4305: '인수': 'double'에서 'GLfloat'(으)로 잘립니다.
c:\users\강동균\documents\github\cgproject\kdk\finalproject\finalproject\소스.cpp(930): warning C4305: '인수': 'double'에서 'GLfloat'(으)로 잘립니다.
c:\users\강동균\documents\github\cgproject\kdk\finalproject\finalproject\소스.cpp(948): warning C4305: '인수': 'double'에서 'GLfloat'(으)로 잘립니다.
c:\users\강동균\documents\github\cgproject\kdk\finalproject\finalproject\소스.cpp(964): warning C4305: '인수': 'double'에서 'GLfloat'(으)로 잘립니다.
c:\users\강동균\documents\github\cgproject\kdk\finalproject\finalproject\소스.cpp(976): warning C4305: '인수': 'double'에서 'GLfloat'(으)로 잘립니다.
c:\users\강동균\documents\github\cgproject\kdk\finalproject\finalproject\소스.cpp(982): warning C4305: '인수': 'double'에서 'GLfloat'(으)로 잘립니다.
c:\users\강동균\documents\github\cgproject\kdk\finalproject\finalproject\소스.cpp(984): warning C4305: '인수': 'double'에서 'GLfloat'(으)로 잘립니다.
c:\users\강동균\documents\github\cgproject\kdk\finalproject\finalproject\소스.cpp(989): warning C4305: '인수': 'double'에서 'GLfloat'(으)로 잘립니다.
c:\users\강동균\documents\github\cgproject\kdk\finalproject\finalproject\소스.cpp(1029): warning C4305: '-=': 'double'에서 'float'(으)로 잘립니다.
c:\users\강동균\documents\github\cgproject\kdk\finalproject\finalproject\소스.cpp(1036): warning C4305: '인수': 'double'에서 'float'(으)로 잘립니다.
c:\users\강동균\documents\github\cgproject\kdk\finalproject\finalproject\소스.cpp(1045): warning C4305: '+=': 'double'에서 'float'(으)로 잘립니다.
c:\users\강동균\documents\github\cgproject\kdk\finalproject\finalproject\소스.cpp(1051): warning C4305: '인수': 'double'에서 'float'(으)로 잘립니다.
c:\users\강동균\documents\github\cgproject\kdk\finalproject\finalproject\소스.cpp(1061): warning C4305: '+=': 'double'에서 'float'(으)로 잘립니다.
c:\users\강동균\documents\github\cgproject\kdk\finalproject\finalproject\소스.cpp(1067): warning C4305: '인수': 'double'에서 'float'(으)로 잘립니다.
c:\users\강동균\documents\github\cgproject\kdk\finalproject\finalproject\소스.cpp(1076): warning C4305: '-=': 'double'에서 'float'(으)로 잘립니다.
c:\users\강동균\documents\github\cgproject\kdk\finalproject\finalproject\소스.cpp(1082): warning C4305: '인수': 'double'에서 'float'(으)로 잘립니다.
c:\users\강동균\documents\github\cgproject\kdk\finalproject\finalproject\소스.cpp(1166): warning C4305: '인수': 'double'에서 'GLfloat'(으)로 잘립니다.
c:\users\강동균\documents\github\cgproject\kdk\finalproject\finalproject\소스.cpp(1175): warning C4305: '인수': 'double'에서 'GLfloat'(으)로 잘립니다.
c:\users\강동균\documents\github\cgproject\kdk\finalproject\finalproject\소스.cpp(1207): warning C4305: '인수': 'double'에서 'GLfloat'(으)로 잘립니다.
c:\users\강동균\documents\github\cgproject\kdk\finalproject\finalproject\소스.cpp(1228): warning C4326: 'main'의 반환 형식이 'int'이어야 하는데 'void'입니다.
c:\users\강동균\documents\github\cgproject\kdk\finalproject\finalproject\소스.cpp(1229): warning C4244: '인수': 'time_t'에서 'unsigned int'(으)로 변환하면서 데이터가 손실될 수 있습니다.
c:\users\강동균\documents\github\cgproject\kdk\finalproject\finalproject\소스.cpp(1327): warning C4305: '인수': 'double'에서 'GLfloat'(으)로 잘립니다.
c:\users\강동균\documents\github\cgproject\kdk\finalproject\finalproject\소스.cpp(1415): warning C4244: '인수': 'double'에서 'float'(으)로 변환하면서 데이터가 손실될 수 있습니다.
c:\users\강동균\documents\github\cgproject\kdk\finalproject\finalproject\소스.cpp(1424): warning C4305: '인수': 'double'에서 'float'(으)로 잘립니다.
c:\users\강동균\documents\github\cgproject\kdk\finalproject\finalproject\소스.cpp(1495): warning C4244: '+=': 'double'에서 'float'(으)로 변환하면서 데이터가 손실될 수 있습니다.
c:\users\강동균\documents\github\cgproject\kdk\finalproject\finalproject\소스.cpp(1496): warning C4244: '+=': 'double'에서 'float'(으)로 변환하면서 데이터가 손실될 수 있습니다.
c:\users\강동균\documents\github\cgproject\kdk\finalproject\finalproject\camera.h(80): warning C4305: '=': 'double'에서 'float'(으)로 잘립니다.
  c:\users\강동균\documents\github\cgproject\kdk\finalproject\finalproject\camera.h(79): note: 클래스 템플릿 멤버 함수 'void Camera<float3>::Initialize_radian(void)'을(를) 컴파일하고 있습니다.
  c:\users\강동균\documents\github\cgproject\kdk\finalproject\finalproject\소스.cpp(1411): note: 컴파일 중인 함수 템플릿 인스턴스화 'void Camera<float3>::Initialize_radian(void)'에 대한 참조를 확인하십시오.
  c:\users\강동균\documents\github\cgproject\kdk\finalproject\finalproject\소스.cpp(28): note: 컴파일 중인 클래스 템플릿 인스턴스화 'Camera<float3>'에 대한 참조를 확인하세요.
c:\users\강동균\documents\github\cgproject\kdk\finalproject\finalproject\소스.cpp(647): warning C4715: 'KHM::Delete_Harpoon': 모든 제어 경로에서 값을 반환하지는 않습니다.
  FinalProject.vcxproj -> C:\Users\강동균\Documents\GitHub\CGProject\KDK\FinalProject\Debug\FinalProject.exe
