  소스.cpp
c:\users\kshg1\documents\github\cgproject\khm\project8\소스.cpp(49): warning C4305: '초기화 중': 'double'에서 'float'(으)로 잘립니다.
c:\users\kshg1\documents\github\cgproject\khm\project8\소스.cpp(62): warning C4244: '초기화 중': 'double'에서 'float'(으)로 변환하면서 데이터가 손실될 수 있습니다.
c:\users\kshg1\documents\github\cgproject\khm\project8\소스.cpp(123): warning C4244: '=': 'double'에서 'float'(으)로 변환하면서 데이터가 손실될 수 있습니다.
c:\users\kshg1\documents\github\cgproject\khm\project8\소스.cpp(124): warning C4244: '=': 'double'에서 'float'(으)로 변환하면서 데이터가 손실될 수 있습니다.
c:\users\kshg1\documents\github\cgproject\khm\project8\소스.cpp(125): warning C4244: '=': 'double'에서 'float'(으)로 변환하면서 데이터가 손실될 수 있습니다.
c:\users\kshg1\documents\github\cgproject\khm\project8\소스.cpp(138): warning C4305: '+=': 'double'에서 'float'(으)로 잘립니다.
c:\users\kshg1\documents\github\cgproject\khm\project8\소스.cpp(235): warning C4305: '+=': 'double'에서 'GLfloat'(으)로 잘립니다.
c:\users\kshg1\documents\github\cgproject\khm\project8\소스.cpp(245): warning C4305: '+=': 'double'에서 'GLfloat'(으)로 잘립니다.
c:\users\kshg1\documents\github\cgproject\khm\project8\소스.cpp(258): warning C4305: '=': 'double'에서 'GLfloat'(으)로 잘립니다.
c:\users\kshg1\documents\github\cgproject\khm\project8\소스.cpp(258): warning C4305: '-=': 'double'에서 'GLfloat'(으)로 잘립니다.
c:\users\kshg1\documents\github\cgproject\khm\project8\소스.cpp(363): warning C4305: '인수': 'double'에서 'GLfloat'(으)로 잘립니다.
c:\users\kshg1\documents\github\cgproject\khm\project8\소스.cpp(370): warning C4305: '인수': 'double'에서 'GLfloat'(으)로 잘립니다.
c:\users\kshg1\documents\github\cgproject\khm\project8\소스.cpp(376): warning C4305: '인수': 'double'에서 'GLfloat'(으)로 잘립니다.
c:\users\kshg1\documents\github\cgproject\khm\project8\소스.cpp(388): warning C4305: '인수': 'double'에서 'GLfloat'(으)로 잘립니다.
c:\users\kshg1\documents\github\cgproject\khm\project8\소스.cpp(394): warning C4305: '인수': 'double'에서 'GLfloat'(으)로 잘립니다.
c:\users\kshg1\documents\github\cgproject\khm\project8\소스.cpp(400): warning C4305: '인수': 'double'에서 'GLfloat'(으)로 잘립니다.
c:\users\kshg1\documents\github\cgproject\khm\project8\소스.cpp(418): warning C4305: '인수': 'double'에서 'GLfloat'(으)로 잘립니다.
c:\users\kshg1\documents\github\cgproject\khm\project8\소스.cpp(434): warning C4305: '인수': 'double'에서 'GLfloat'(으)로 잘립니다.
c:\users\kshg1\documents\github\cgproject\khm\project8\소스.cpp(446): warning C4305: '인수': 'double'에서 'GLfloat'(으)로 잘립니다.
c:\users\kshg1\documents\github\cgproject\khm\project8\소스.cpp(452): warning C4305: '인수': 'double'에서 'GLfloat'(으)로 잘립니다.
c:\users\kshg1\documents\github\cgproject\khm\project8\소스.cpp(454): warning C4305: '인수': 'double'에서 'GLfloat'(으)로 잘립니다.
c:\users\kshg1\documents\github\cgproject\khm\project8\소스.cpp(459): warning C4305: '인수': 'double'에서 'GLfloat'(으)로 잘립니다.
c:\users\kshg1\documents\github\cgproject\khm\project8\소스.cpp(501): warning C4305: '-=': 'double'에서 'float'(으)로 잘립니다.
c:\users\kshg1\documents\github\cgproject\khm\project8\소스.cpp(506): warning C4305: '인수': 'double'에서 'float'(으)로 잘립니다.
c:\users\kshg1\documents\github\cgproject\khm\project8\소스.cpp(515): warning C4305: '+=': 'double'에서 'float'(으)로 잘립니다.
c:\users\kshg1\documents\github\cgproject\khm\project8\소스.cpp(520): warning C4305: '인수': 'double'에서 'float'(으)로 잘립니다.
c:\users\kshg1\documents\github\cgproject\khm\project8\소스.cpp(530): warning C4305: '+=': 'double'에서 'float'(으)로 잘립니다.
c:\users\kshg1\documents\github\cgproject\khm\project8\소스.cpp(535): warning C4305: '인수': 'double'에서 'float'(으)로 잘립니다.
c:\users\kshg1\documents\github\cgproject\khm\project8\소스.cpp(544): warning C4305: '-=': 'double'에서 'float'(으)로 잘립니다.
c:\users\kshg1\documents\github\cgproject\khm\project8\소스.cpp(549): warning C4305: '인수': 'double'에서 'float'(으)로 잘립니다.
c:\users\kshg1\documents\github\cgproject\khm\project8\소스.cpp(714): warning C4326: 'main'의 반환 형식이 'int'이어야 하는데 'void'입니다.
c:\users\kshg1\documents\github\cgproject\khm\project8\소스.cpp(930): warning C4244: '인수': 'double'에서 'GLfloat'(으)로 변환하면서 데이터가 손실될 수 있습니다.
c:\users\kshg1\documents\github\cgproject\khm\project8\소스.cpp(931): warning C4244: '인수': 'double'에서 'float'(으)로 변환하면서 데이터가 손실될 수 있습니다.
c:\users\kshg1\documents\github\cgproject\khm\project8\소스.cpp(935): warning C4244: '인수': 'double'에서 'GLfloat'(으)로 변환하면서 데이터가 손실될 수 있습니다.
c:\users\kshg1\documents\github\cgproject\khm\project8\소스.cpp(936): warning C4244: '인수': 'double'에서 'float'(으)로 변환하면서 데이터가 손실될 수 있습니다.
c:\users\kshg1\documents\github\cgproject\khm\project8\camera.h(80): warning C4305: '=': 'double'에서 'float'(으)로 잘립니다.
  c:\users\kshg1\documents\github\cgproject\khm\project8\camera.h(79): note: 클래스 템플릿 멤버 함수 'void Camera<float3>::Initialize_radian(void)'을(를) 컴파일하고 있습니다.
  c:\users\kshg1\documents\github\cgproject\khm\project8\소스.cpp(844): note: 컴파일 중인 함수 템플릿 인스턴스화 'void Camera<float3>::Initialize_radian(void)'에 대한 참조를 확인하십시오.
  c:\users\kshg1\documents\github\cgproject\khm\project8\소스.cpp(23): note: 컴파일 중인 클래스 템플릿 인스턴스화 'Camera<float3>'에 대한 참조를 확인하세요.
c:\users\kshg1\documents\github\cgproject\khm\project8\소스.cpp(107): warning C4715: 'KHM::Delete_Harpoon': 모든 제어 경로에서 값을 반환하지는 않습니다.
  Project8.vcxproj -> C:\Users\kshg1\Documents\GitHub\CGProject\KHM\x64\Debug\Project8.exe
