  소스.cpp
C:\Users\rkdqm\Documents\GitHub\CGProject\FinalProject\FinalProject\소스.cpp(98,82): warning C4244: '=': 'double'에서 'int'(으)로 변환하면서 데이터가 손실될 수 있습니다.
C:\Users\rkdqm\Documents\GitHub\CGProject\FinalProject\FinalProject\소스.cpp(157,82): warning C4244: '=': 'int'에서 'GLfloat'(으)로 변환하면서 데이터가 손실될 수 있습니다.
C:\Users\rkdqm\Documents\GitHub\CGProject\FinalProject\FinalProject\소스.cpp(158,82): warning C4244: '=': 'int'에서 'GLfloat'(으)로 변환하면서 데이터가 손실될 수 있습니다.
C:\Users\rkdqm\Documents\GitHub\CGProject\FinalProject\FinalProject\소스.cpp(169,42): warning C4244: '=': 'int'에서 'GLfloat'(으)로 변환하면서 데이터가 손실될 수 있습니다.
C:\Users\rkdqm\Documents\GitHub\CGProject\FinalProject\FinalProject\소스.cpp(312,24): warning C4305: '인수': 'double'에서 'GLfloat'(으)로 잘립니다.
C:\Users\rkdqm\Documents\GitHub\CGProject\FinalProject\FinalProject\소스.cpp(317,26): warning C4305: '인수': 'double'에서 'GLfloat'(으)로 잘립니다.
C:\Users\rkdqm\Documents\GitHub\CGProject\FinalProject\FinalProject\소스.cpp(323,28): warning C4305: '인수': 'double'에서 'GLfloat'(으)로 잘립니다.
C:\Users\rkdqm\Documents\GitHub\CGProject\FinalProject\FinalProject\소스.cpp(329,28): warning C4305: '인수': 'double'에서 'GLfloat'(으)로 잘립니다.
C:\Users\rkdqm\Documents\GitHub\CGProject\FinalProject\FinalProject\소스.cpp(340,32): warning C4305: '인수': 'double'에서 'GLfloat'(으)로 잘립니다.
C:\Users\rkdqm\Documents\GitHub\CGProject\FinalProject\FinalProject\소스.cpp(499,29): warning C4305: '인수': 'double'에서 'GLfloat'(으)로 잘립니다.
C:\Users\rkdqm\Documents\GitHub\CGProject\FinalProject\FinalProject\소스.cpp(514,29): warning C4305: '인수': 'double'에서 'GLfloat'(으)로 잘립니다.
C:\Users\rkdqm\Documents\GitHub\CGProject\FinalProject\FinalProject\소스.cpp(523,25): warning C4244: '인수': 'int'에서 'GLfloat'(으)로 변환하면서 데이터가 손실될 수 있습니다.
C:\Users\rkdqm\Documents\GitHub\CGProject\FinalProject\FinalProject\소스.cpp(533,26): warning C4244: '인수': 'int'에서 'GLfloat'(으)로 변환하면서 데이터가 손실될 수 있습니다.
C:\Users\rkdqm\Documents\GitHub\CGProject\FinalProject\FinalProject\소스.cpp(541,30): warning C4244: '인수': 'int'에서 'GLfloat'(으)로 변환하면서 데이터가 손실될 수 있습니다.
C:\Users\rkdqm\Documents\GitHub\CGProject\FinalProject\FinalProject\소스.cpp(548,28): warning C4305: '인수': 'double'에서 'GLfloat'(으)로 잘립니다.
C:\Users\rkdqm\Documents\GitHub\CGProject\FinalProject\FinalProject\소스.cpp(556,28): warning C4305: '인수': 'double'에서 'GLfloat'(으)로 잘립니다.
C:\Users\rkdqm\Documents\GitHub\CGProject\FinalProject\FinalProject\소스.cpp(589,44): warning C4244: '=': 'int'에서 'float'(으)로 변환하면서 데이터가 손실될 수 있습니다.
C:\Users\rkdqm\Documents\GitHub\CGProject\FinalProject\FinalProject\소스.cpp(590,44): warning C4244: '=': 'int'에서 'float'(으)로 변환하면서 데이터가 손실될 수 있습니다.
C:\Users\rkdqm\Documents\GitHub\CGProject\FinalProject\FinalProject\소스.cpp(591,25): warning C4244: '=': 'int'에서 'float'(으)로 변환하면서 데이터가 손실될 수 있습니다.
C:\Users\rkdqm\Documents\GitHub\CGProject\FinalProject\FinalProject\소스.cpp(599,45): warning C4244: '=': 'int'에서 'float'(으)로 변환하면서 데이터가 손실될 수 있습니다.
C:\Users\rkdqm\Documents\GitHub\CGProject\FinalProject\FinalProject\소스.cpp(600,45): warning C4244: '=': 'int'에서 'float'(으)로 변환하면서 데이터가 손실될 수 있습니다.
C:\Users\rkdqm\Documents\GitHub\CGProject\FinalProject\FinalProject\소스.cpp(601,26): warning C4244: '=': 'int'에서 'float'(으)로 변환하면서 데이터가 손실될 수 있습니다.
C:\Users\rkdqm\Documents\GitHub\CGProject\FinalProject\FinalProject\소스.cpp(604,49): warning C4244: '=': 'int'에서 'float'(으)로 변환하면서 데이터가 손실될 수 있습니다.
C:\Users\rkdqm\Documents\GitHub\CGProject\FinalProject\FinalProject\소스.cpp(605,49): warning C4244: '=': 'int'에서 'float'(으)로 변환하면서 데이터가 손실될 수 있습니다.
C:\Users\rkdqm\Documents\GitHub\CGProject\FinalProject\FinalProject\소스.cpp(606,30): warning C4244: '=': 'int'에서 'float'(으)로 변환하면서 데이터가 손실될 수 있습니다.
C:\Users\rkdqm\Documents\GitHub\CGProject\FinalProject\FinalProject\소스.cpp(648,20): warning C4244: '=': 'double'에서 'float'(으)로 변환하면서 데이터가 손실될 수 있습니다.
C:\Users\rkdqm\Documents\GitHub\CGProject\FinalProject\FinalProject\소스.cpp(666,45): warning C4244: '=': 'int'에서 'float'(으)로 변환하면서 데이터가 손실될 수 있습니다.
C:\Users\rkdqm\Documents\GitHub\CGProject\FinalProject\FinalProject\소스.cpp(667,45): warning C4244: '=': 'int'에서 'float'(으)로 변환하면서 데이터가 손실될 수 있습니다.
C:\Users\rkdqm\Documents\GitHub\CGProject\FinalProject\FinalProject\소스.cpp(668,32): warning C4244: '=': 'int'에서 'float'(으)로 변환하면서 데이터가 손실될 수 있습니다.
C:\Users\rkdqm\Documents\GitHub\CGProject\FinalProject\FinalProject\소스.cpp(679,45): warning C4244: '=': 'int'에서 'float'(으)로 변환하면서 데이터가 손실될 수 있습니다.
C:\Users\rkdqm\Documents\GitHub\CGProject\FinalProject\FinalProject\소스.cpp(680,45): warning C4244: '=': 'int'에서 'float'(으)로 변환하면서 데이터가 손실될 수 있습니다.
C:\Users\rkdqm\Documents\GitHub\CGProject\FinalProject\FinalProject\소스.cpp(681,32): warning C4244: '=': 'int'에서 'float'(으)로 변환하면서 데이터가 손실될 수 있습니다.
C:\Users\rkdqm\Documents\GitHub\CGProject\FinalProject\FinalProject\소스.cpp(683,99): warning C4244: '=': 'double'에서 'float'(으)로 변환하면서 데이터가 손실될 수 있습니다.
C:\Users\rkdqm\Documents\GitHub\CGProject\FinalProject\FinalProject\소스.cpp(685,81): warning C4244: '=': 'double'에서 'float'(으)로 변환하면서 데이터가 손실될 수 있습니다.
C:\Users\rkdqm\Documents\GitHub\CGProject\FinalProject\FinalProject\소스.cpp(862,26): warning C4305: '초기화 중': 'double'에서 'float'(으)로 잘립니다.
C:\Users\rkdqm\Documents\GitHub\CGProject\FinalProject\FinalProject\소스.cpp(863,26): warning C4305: '초기화 중': 'double'에서 'float'(으)로 잘립니다.
C:\Users\rkdqm\Documents\GitHub\CGProject\FinalProject\FinalProject\소스.cpp(905,32): warning C4244: '=': 'double'에서 'float'(으)로 변환하면서 데이터가 손실될 수 있습니다.
C:\Users\rkdqm\Documents\GitHub\CGProject\FinalProject\FinalProject\소스.cpp(907,32): warning C4244: '=': 'double'에서 'float'(으)로 변환하면서 데이터가 손실될 수 있습니다.
C:\Users\rkdqm\Documents\GitHub\CGProject\FinalProject\FinalProject\소스.cpp(966,87): warning C4244: '=': 'double'에서 'float'(으)로 변환하면서 데이터가 손실될 수 있습니다.
C:\Users\rkdqm\Documents\GitHub\CGProject\FinalProject\FinalProject\소스.cpp(967,132): warning C4244: '=': 'double'에서 'float'(으)로 변환하면서 데이터가 손실될 수 있습니다.
C:\Users\rkdqm\Documents\GitHub\CGProject\FinalProject\FinalProject\소스.cpp(968,94): warning C4244: '=': 'double'에서 'float'(으)로 변환하면서 데이터가 손실될 수 있습니다.
C:\Users\rkdqm\Documents\GitHub\CGProject\FinalProject\FinalProject\소스.cpp(972,30): warning C4305: '+=': 'double'에서 'float'(으)로 잘립니다.
C:\Users\rkdqm\Documents\GitHub\CGProject\FinalProject\FinalProject\소스.cpp(1037,28): warning C4305: '인수': 'double'에서 'GLfloat'(으)로 잘립니다.
C:\Users\rkdqm\Documents\GitHub\CGProject\FinalProject\FinalProject\소스.cpp(1044,99): warning C4244: '인수': 'double'에서 'GLfloat'(으)로 변환하면서 데이터가 손실될 수 있습니다.
C:\Users\rkdqm\Documents\GitHub\CGProject\FinalProject\FinalProject\소스.cpp(1044,25): warning C4244: '인수': 'double'에서 'GLfloat'(으)로 변환하면서 데이터가 손실될 수 있습니다.
C:\Users\rkdqm\Documents\GitHub\CGProject\FinalProject\FinalProject\소스.cpp(1056,15): warning C4244: '초기화 중': 'double'에서 'float'(으)로 변환하면서 데이터가 손실될 수 있습니다.
C:\Users\rkdqm\Documents\GitHub\CGProject\FinalProject\FinalProject\소스.cpp(1057,16): warning C4244: '초기화 중': 'double'에서 'float'(으)로 변환하면서 데이터가 손실될 수 있습니다.
C:\Users\rkdqm\Documents\GitHub\CGProject\FinalProject\FinalProject\소스.cpp(1062,50): warning C4244: '인수': 'double'에서 'GLfloat'(으)로 변환하면서 데이터가 손실될 수 있습니다.
C:\Users\rkdqm\Documents\GitHub\CGProject\FinalProject\FinalProject\소스.cpp(1060,60): warning C4244: '인수': 'double'에서 'GLfloat'(으)로 변환하면서 데이터가 손실될 수 있습니다.
C:\Users\rkdqm\Documents\GitHub\CGProject\FinalProject\FinalProject\소스.cpp(1063,99): warning C4244: '인수': 'double'에서 'GLfloat'(으)로 변환하면서 데이터가 손실될 수 있습니다.
C:\Users\rkdqm\Documents\GitHub\CGProject\FinalProject\FinalProject\소스.cpp(1063,25): warning C4244: '인수': 'double'에서 'GLfloat'(으)로 변환하면서 데이터가 손실될 수 있습니다.
C:\Users\rkdqm\Documents\GitHub\CGProject\FinalProject\FinalProject\소스.cpp(1148,49): warning C4244: '인수': 'int'에서 'GLfloat'(으)로 변환하면서 데이터가 손실될 수 있습니다.
C:\Users\rkdqm\Documents\GitHub\CGProject\FinalProject\FinalProject\소스.cpp(1152,49): warning C4244: '인수': 'int'에서 'GLfloat'(으)로 변환하면서 데이터가 손실될 수 있습니다.
C:\Users\rkdqm\Documents\GitHub\CGProject\FinalProject\FinalProject\소스.cpp(1159,50): warning C4244: '인수': 'int'에서 'GLfloat'(으)로 변환하면서 데이터가 손실될 수 있습니다.
C:\Users\rkdqm\Documents\GitHub\CGProject\FinalProject\FinalProject\소스.cpp(1163,50): warning C4244: '인수': 'int'에서 'GLfloat'(으)로 변환하면서 데이터가 손실될 수 있습니다.
C:\Users\rkdqm\Documents\GitHub\CGProject\FinalProject\FinalProject\소스.cpp(1193,60): warning C4305: '+=': 'double'에서 'GLfloat'(으)로 잘립니다.
C:\Users\rkdqm\Documents\GitHub\CGProject\FinalProject\FinalProject\소스.cpp(1203,60): warning C4305: '+=': 'double'에서 'GLfloat'(으)로 잘립니다.
C:\Users\rkdqm\Documents\GitHub\CGProject\FinalProject\FinalProject\소스.cpp(1216,2): warning C4305: '=': 'double'에서 'GLfloat'(으)로 잘립니다.
C:\Users\rkdqm\Documents\GitHub\CGProject\FinalProject\FinalProject\소스.cpp(1216,60): warning C4305: '-=': 'double'에서 'GLfloat'(으)로 잘립니다.
C:\Users\rkdqm\Documents\GitHub\CGProject\FinalProject\FinalProject\소스.cpp(1321,26): warning C4305: '인수': 'double'에서 'GLfloat'(으)로 잘립니다.
C:\Users\rkdqm\Documents\GitHub\CGProject\FinalProject\FinalProject\소스.cpp(1328,29): warning C4305: '인수': 'double'에서 'GLfloat'(으)로 잘립니다.
C:\Users\rkdqm\Documents\GitHub\CGProject\FinalProject\FinalProject\소스.cpp(1334,29): warning C4305: '인수': 'double'에서 'GLfloat'(으)로 잘립니다.
C:\Users\rkdqm\Documents\GitHub\CGProject\FinalProject\FinalProject\소스.cpp(1346,28): warning C4305: '인수': 'double'에서 'GLfloat'(으)로 잘립니다.
C:\Users\rkdqm\Documents\GitHub\CGProject\FinalProject\FinalProject\소스.cpp(1352,28): warning C4305: '인수': 'double'에서 'GLfloat'(으)로 잘립니다.
C:\Users\rkdqm\Documents\GitHub\CGProject\FinalProject\FinalProject\소스.cpp(1358,29): warning C4305: '인수': 'double'에서 'GLfloat'(으)로 잘립니다.
C:\Users\rkdqm\Documents\GitHub\CGProject\FinalProject\FinalProject\소스.cpp(1376,30): warning C4305: '인수': 'double'에서 'GLfloat'(으)로 잘립니다.
C:\Users\rkdqm\Documents\GitHub\CGProject\FinalProject\FinalProject\소스.cpp(1392,30): warning C4305: '인수': 'double'에서 'GLfloat'(으)로 잘립니다.
C:\Users\rkdqm\Documents\GitHub\CGProject\FinalProject\FinalProject\소스.cpp(1404,28): warning C4305: '인수': 'double'에서 'GLfloat'(으)로 잘립니다.
C:\Users\rkdqm\Documents\GitHub\CGProject\FinalProject\FinalProject\소스.cpp(1410,28): warning C4305: '인수': 'double'에서 'GLfloat'(으)로 잘립니다.
C:\Users\rkdqm\Documents\GitHub\CGProject\FinalProject\FinalProject\소스.cpp(1412,28): warning C4305: '인수': 'double'에서 'GLfloat'(으)로 잘립니다.
C:\Users\rkdqm\Documents\GitHub\CGProject\FinalProject\FinalProject\소스.cpp(1417,28): warning C4305: '인수': 'double'에서 'GLfloat'(으)로 잘립니다.
C:\Users\rkdqm\Documents\GitHub\CGProject\FinalProject\FinalProject\소스.cpp(1490,30): warning C4305: '인수': 'double'에서 'float'(으)로 잘립니다.
C:\Users\rkdqm\Documents\GitHub\CGProject\FinalProject\FinalProject\소스.cpp(1498,29): warning C4305: '인수': 'double'에서 'float'(으)로 잘립니다.
C:\Users\rkdqm\Documents\GitHub\CGProject\FinalProject\FinalProject\소스.cpp(1505,29): warning C4305: '인수': 'double'에서 'float'(으)로 잘립니다.
C:\Users\rkdqm\Documents\GitHub\CGProject\FinalProject\FinalProject\소스.cpp(1513,30): warning C4305: '인수': 'double'에서 'float'(으)로 잘립니다.
C:\Users\rkdqm\Documents\GitHub\CGProject\FinalProject\FinalProject\소스.cpp(1544,53): warning C4305: '+=': 'double'에서 'float'(으)로 잘립니다.
C:\Users\rkdqm\Documents\GitHub\CGProject\FinalProject\FinalProject\소스.cpp(1555,53): warning C4305: '-=': 'double'에서 'float'(으)로 잘립니다.
C:\Users\rkdqm\Documents\GitHub\CGProject\FinalProject\FinalProject\소스.cpp(1566,53): warning C4305: '-=': 'double'에서 'float'(으)로 잘립니다.
C:\Users\rkdqm\Documents\GitHub\CGProject\FinalProject\FinalProject\소스.cpp(1578,53): warning C4305: '+=': 'double'에서 'float'(으)로 잘립니다.
C:\Users\rkdqm\Documents\GitHub\CGProject\FinalProject\FinalProject\소스.cpp(1683,27): warning C4305: '인수': 'double'에서 'GLfloat'(으)로 잘립니다.
C:\Users\rkdqm\Documents\GitHub\CGProject\FinalProject\FinalProject\소스.cpp(1719,27): warning C4305: '인수': 'double'에서 'GLfloat'(으)로 잘립니다.
C:\Users\rkdqm\Documents\GitHub\CGProject\FinalProject\FinalProject\소스.cpp(1728,28): warning C4305: '인수': 'double'에서 'GLfloat'(으)로 잘립니다.
C:\Users\rkdqm\Documents\GitHub\CGProject\FinalProject\FinalProject\소스.cpp(1760,25): warning C4305: '인수': 'double'에서 'GLfloat'(으)로 잘립니다.
C:\Users\rkdqm\Documents\GitHub\CGProject\FinalProject\FinalProject\소스.cpp(1792,1): warning C4326: 'main'의 반환 형식이 'int'이어야 하는데 'void'입니다.
C:\Users\rkdqm\Documents\GitHub\CGProject\FinalProject\FinalProject\소스.cpp(1793,12): warning C4244: '인수': 'time_t'에서 'unsigned int'(으)로 변환하면서 데이터가 손실될 수 있습니다.
C:\Users\rkdqm\Documents\GitHub\CGProject\FinalProject\FinalProject\소스.cpp(1940,33): warning C4305: '인수': 'double'에서 'GLfloat'(으)로 잘립니다.
C:\Users\rkdqm\Documents\GitHub\CGProject\FinalProject\FinalProject\소스.cpp(1994,66): warning C4244: '인수': 'double'에서 'GLfloat'(으)로 변환하면서 데이터가 손실될 수 있습니다.
C:\Users\rkdqm\Documents\GitHub\CGProject\FinalProject\FinalProject\소스.cpp(1994,47): warning C4244: '인수': 'double'에서 'GLfloat'(으)로 변환하면서 데이터가 손실될 수 있습니다.
C:\Users\rkdqm\Documents\GitHub\CGProject\FinalProject\FinalProject\소스.cpp(1994,28): warning C4244: '인수': 'double'에서 'GLfloat'(으)로 변환하면서 데이터가 손실될 수 있습니다.
C:\Users\rkdqm\Documents\GitHub\CGProject\FinalProject\FinalProject\소스.cpp(2014,33): warning C4305: '인수': 'double'에서 'GLfloat'(으)로 잘립니다.
C:\Users\rkdqm\Documents\GitHub\CGProject\FinalProject\FinalProject\소스.cpp(2036,33): warning C4305: '인수': 'double'에서 'GLfloat'(으)로 잘립니다.
C:\Users\rkdqm\Documents\GitHub\CGProject\FinalProject\FinalProject\소스.cpp(2142,41): warning C4244: '인수': 'double'에서 'float'(으)로 변환하면서 데이터가 손실될 수 있습니다.
C:\Users\rkdqm\Documents\GitHub\CGProject\FinalProject\FinalProject\소스.cpp(2235,66): warning C4244: '+=': 'double'에서 'float'(으)로 변환하면서 데이터가 손실될 수 있습니다.
C:\Users\rkdqm\Documents\GitHub\CGProject\FinalProject\FinalProject\소스.cpp(2238,67): warning C4244: '-=': 'double'에서 'float'(으)로 변환하면서 데이터가 손실될 수 있습니다.
C:\Users\rkdqm\Documents\GitHub\CGProject\FinalProject\FinalProject\소스.cpp(2241,66): warning C4244: '+=': 'double'에서 'float'(으)로 변환하면서 데이터가 손실될 수 있습니다.
C:\Users\rkdqm\Documents\GitHub\CGProject\FinalProject\FinalProject\소스.cpp(2244,67): warning C4244: '-=': 'double'에서 'float'(으)로 변환하면서 데이터가 손실될 수 있습니다.
C:\Users\rkdqm\Documents\GitHub\CGProject\FinalProject\FinalProject\소스.cpp(2251,67): warning C4244: '-=': 'double'에서 'float'(으)로 변환하면서 데이터가 손실될 수 있습니다.
C:\Users\rkdqm\Documents\GitHub\CGProject\FinalProject\FinalProject\소스.cpp(2258,67): warning C4244: '-=': 'double'에서 'float'(으)로 변환하면서 데이터가 손실될 수 있습니다.
C:\Users\rkdqm\Documents\GitHub\CGProject\FinalProject\FinalProject\소스.cpp(2263,49): warning C4244: '+=': 'double'에서 'float'(으)로 변환하면서 데이터가 손실될 수 있습니다.
C:\Users\rkdqm\Documents\GitHub\CGProject\FinalProject\FinalProject\소스.cpp(2267,49): warning C4244: '-=': 'double'에서 'float'(으)로 변환하면서 데이터가 손실될 수 있습니다.
C:\Users\rkdqm\Documents\GitHub\CGProject\FinalProject\FinalProject\camera.h(80,1): warning C4305: '=': 'double'에서 'float'(으)로 잘립니다.
C:\Users\rkdqm\Documents\GitHub\CGProject\FinalProject\FinalProject\camera.h(79): message : 클래스 템플릿 멤버 함수 'void Camera<float3>::Initialize_radian(void)'을(를) 컴파일하는 중입니다.
C:\Users\rkdqm\Documents\GitHub\CGProject\FinalProject\FinalProject\소스.cpp(2138): message : 컴파일되는 함수 템플릿 인스턴스화 'void Camera<float3>::Initialize_radian(void)'에 대한 참조를 확인하세요.
C:\Users\rkdqm\Documents\GitHub\CGProject\FinalProject\FinalProject\소스.cpp(53): message : 컴파일되는 클래스 템플릿 인스턴스화 'Camera<float3>'에 대한 참조를 확인하세요.
  코드를 생성하고 있습니다.
  Previous IPDB not found, fall back to full compilation.
C:\Users\rkdqm\Documents\GitHub\CGProject\FinalProject\FinalProject\소스.cpp(941): warning C4715: 'KHM::Delete_Harpoon': 모든 제어 경로에서 값을 반환하지는 않습니다.
C:\Users\rkdqm\Documents\GitHub\CGProject\FinalProject\FinalProject\소스.cpp(743): warning C4715: 'KDK::delete_Spray': 모든 제어 경로에서 값을 반환하지는 않습니다.
  All 197 functions were compiled because no usable IPDB/IOBJ from previous compilation was found.
  코드를 생성했습니다.
  FinalProject.vcxproj -> C:\Users\rkdqm\Documents\GitHub\CGProject\FinalProject\Release\FinalProject.exe
